<?xml version="1.0" encoding="UTF-8"?>
<!-- Generated by org.testng.reporters.JUnitReportReporter -->
<testsuite skipped="0" hostname="LAPTOP-NIDHN7M2" name="com.rest.api.schema.CheckSchemaTest" tests="1" failures="0" timestamp="24 Jun 2020 14:00:08 GMT" time="4.174" errors="0">
  <testcase name="bookings_Schema_Test" time="4.174" classname="com.rest.api.schema.CheckSchemaTest"/>
</testsuite> <!-- com.rest.api.schema.CheckSchemaTest -->
