<?xml version="1.0" encoding="UTF-8"?>
<!-- Generated by org.testng.reporters.JUnitReportReporter -->
<testsuite skipped="0" hostname="LAPTOP-NIDHN7M2" name="com.rest.api.post.POSTAPIBDD" tests="1" failures="0" timestamp="24 Jun 2020 01:11:08 GMT" time="4.081" errors="0">
  <testcase name="createUser_Post_API_JSONString_Test" time="4.081" classname="com.rest.api.post.POSTAPIBDD"/>
</testsuite> <!-- com.rest.api.post.POSTAPIBDD -->
