<?xml version="1.0" encoding="UTF-8"?>
<!-- Generated by org.testng.reporters.JUnitReportReporter -->
<testsuite skipped="0" hostname="LAPTOP-NIDHN7M2" name="com.rest.api.authentications.OAuth2APITest" tests="1" failures="0" timestamp="21 Jun 2020 21:58:26 GMT" time="3.093" errors="0">
  <testcase name="getAuth2TokenAPITest" time="3.093" classname="com.rest.api.authentications.OAuth2APITest"/>
</testsuite> <!-- com.rest.api.authentications.OAuth2APITest -->
