<?xml version="1.0" encoding="UTF-8"?>
<!-- Generated by org.testng.reporters.JUnitReportReporter -->
<testsuite skipped="0" hostname="LAPTOP-NIDHN7M2" name="com.rest.api.post.POSTAPIWithPOJO" tests="1" failures="0" timestamp="24 Jun 2020 16:12:45 GMT" time="3.811" errors="0">
  <testcase name="createUser_With_Pojo_Test" time="3.811" classname="com.rest.api.post.POSTAPIWithPOJO"/>
</testsuite> <!-- com.rest.api.post.POSTAPIWithPOJO -->
