<?xml version="1.0" encoding="UTF-8"?>
<!-- Generated by org.testng.reporters.JUnitReportReporter -->
<testsuite skipped="0" hostname="LAPTOP-NIDHN7M2" name="com.rest.api.get.GET_Non_BDD_API_Test" tests="2" failures="0" timestamp="29 Jun 2020 00:00:53 GMT" time="4.358" errors="0">
  <testcase name="getUser_Non_BDD_WithQueryParams_Test" time="1.089" classname="com.rest.api.get.GET_Non_BDD_API_Test"/>
  <testcase name="getUser_Non_BDD_HasMap_QueryParams_Test" time="3.269" classname="com.rest.api.get.GET_Non_BDD_API_Test"/>
</testsuite> <!-- com.rest.api.get.GET_Non_BDD_API_Test -->
