<?xml version="1.0" encoding="UTF-8"?>
<!-- Generated by org.testng.reporters.JUnitReportReporter -->
<testsuite skipped="0" hostname="LAPTOP-NIDHN7M2" name="com.rest.api.delete.DeleteAPITest" tests="1" failures="0" timestamp="28 Jun 2020 19:59:31 GMT" time="5.883" errors="0">
  <testcase name="delet_User_API_Test" time="5.883" classname="com.rest.api.delete.DeleteAPITest"/>
</testsuite> <!-- com.rest.api.delete.DeleteAPITest -->
