<?xml version="1.0" encoding="UTF-8"?>
<!-- Generated by org.testng.reporters.JUnitReportReporter -->
<testsuite skipped="0" hostname="LAPTOP-NIDHN7M2" name="com.rest.api.authentications.AuthAPIs" tests="1" failures="0" timestamp="21 Jun 2020 20:17:33 GMT" time="2.995" errors="0">
  <testcase name="OAuth_API_Test_With_AuthHeader" time="2.995" classname="com.rest.api.authentications.AuthAPIs"/>
</testsuite> <!-- com.rest.api.authentications.AuthAPIs -->
