<?xml version="1.0" encoding="UTF-8"?>
<!-- Generated by org.testng.reporters.JUnitReportReporter -->
<testsuite skipped="0" hostname="LAPTOP-NIDHN7M2" name="com.rest.api.put.PUTAPITest" tests="1" failures="0" timestamp="28 Jun 2020 19:32:03 GMT" time="6.117" errors="0">
  <testcase name="update_User_PUT_API_Test" time="6.117" classname="com.rest.api.put.PUTAPITest"/>
</testsuite> <!-- com.rest.api.put.PUTAPITest -->
