<?xml version="1.0" encoding="UTF-8"?>
<!-- Generated by org.testng.reporters.JUnitReportReporter -->
<testsuite skipped="0" hostname="LAPTOP-NIDHN7M2" name="com.rest.api.get.GETBDDAPI" tests="1" failures="0" timestamp="29 Jun 2020 06:37:18 GMT" time="5.011" errors="0">
  <testcase name="getUserResponseXml_Test" time="5.011" classname="com.rest.api.get.GETBDDAPI"/>
</testsuite> <!-- com.rest.api.get.GETBDDAPI -->
