<?xml version="1.0" encoding="UTF-8"?>
<!-- Generated by org.testng.reporters.JUnitReportReporter -->
<testsuite skipped="0" hostname="LAPTOP-NIDHN7M2" name="com.rest.api.authentications.OAuth1APISTest" tests="1" failures="0" timestamp="21 Jun 2020 22:20:30 GMT" time="2.865" errors="0">
  <testcase name="TwitterStatusAPI_OAuth1_Test" time="2.865" classname="com.rest.api.authentications.OAuth1APISTest"/>
</testsuite> <!-- com.rest.api.authentications.OAuth1APISTest -->
